Flow report for FPU
Sat Dec 13 17:54:16 2025
Quartus II 64-Bit Version 13.0.1 Build 232 06/12/2013 Service Pack 1 SJ Web Edition


---------------------
; Table of Contents ;
---------------------
  1. Legal Notice
  2. Flow Summary
  3. Flow Settings
  4. Flow Non-Default Global Settings
  5. Flow Elapsed Time
  6. Flow OS Summary
  7. Flow Log
  8. Flow Messages
  9. Flow Suppressed Messages



----------------
; Legal Notice ;
----------------
Copyright (C) 1991-2013 Altera Corporation
Your use of Altera Corporation's design tools, logic functions 
and other software and tools, and its AMPP partner logic 
functions, and any output files from any of the foregoing 
(including device programming or simulation files), and any 
associated documentation or information are expressly subject 
to the terms and conditions of the Altera Program License 
Subscription Agreement, Altera MegaCore Function License 
Agreement, or other applicable license agreement, including, 
without limitation, that your use is for the sole purpose of 
programming logic devices manufactured by Altera and sold by 
Altera or its authorized distributors.  Please refer to the 
applicable agreement for further details.



+--------------------------------------------------------------------------------------+
; Flow Summary                                                                         ;
+------------------------------------+-------------------------------------------------+
; Flow Status                        ; Successful - Sat Dec 13 17:54:16 2025           ;
; Quartus II 64-Bit Version          ; 13.0.1 Build 232 06/12/2013 SP 1 SJ Web Edition ;
; Revision Name                      ; FPU                                             ;
; Top-level Entity Name              ; TPU_Top                                         ;
; Family                             ; Cyclone IV GX                                   ;
; Total logic elements               ; 20,411 / 49,888 ( 41 % )                        ;
;     Total combinational functions  ; 19,688 / 49,888 ( 39 % )                        ;
;     Dedicated logic registers      ; 8,924 / 49,888 ( 18 % )                         ;
; Total registers                    ; 8924                                            ;
; Total pins                         ; 0 / 307 ( 0 % )                                 ;
; Total virtual pins                 ; 547                                             ;
; Total memory bits                  ; 2,448 / 2,562,048 ( < 1 % )                     ;
; Embedded Multiplier 9-bit elements ; 0 / 280 ( 0 % )                                 ;
; Total GXB Receiver Channel PCS     ; 0 / 4 ( 0 % )                                   ;
; Total GXB Receiver Channel PMA     ; 0 / 4 ( 0 % )                                   ;
; Total GXB Transmitter Channel PCS  ; 0 / 4 ( 0 % )                                   ;
; Total GXB Transmitter Channel PMA  ; 0 / 4 ( 0 % )                                   ;
; Total PLLs                         ; 0 / 6 ( 0 % )                                   ;
; Device                             ; EP4CGX50CF23C6                                  ;
; Timing Models                      ; Final                                           ;
+------------------------------------+-------------------------------------------------+


+-----------------------------------------+
; Flow Settings                           ;
+-------------------+---------------------+
; Option            ; Setting             ;
+-------------------+---------------------+
; Start date & time ; 12/13/2025 17:51:21 ;
; Main task         ; Compilation         ;
; Revision Name     ; FPU                 ;
+-------------------+---------------------+


+--------------------------------------------------------------------------------------------------------------------------+
; Flow Non-Default Global Settings                                                                                         ;
+--------------------------------------+---------------------------------+---------------+-------------+-------------------+
; Assignment Name                      ; Value                           ; Default Value ; Entity Name ; Section Id        ;
+--------------------------------------+---------------------------------+---------------+-------------+-------------------+
; COMPILER_SIGNATURE_ID                ; 220292356981516.176562308110420 ; --            ; --          ; --                ;
; EDA_DESIGN_INSTANCE_NAME             ; NA                              ; --            ; --          ; tb_FP_Add_16      ;
; EDA_DESIGN_INSTANCE_NAME             ; NA                              ; --            ; --          ; tb_FP_Mul_16      ;
; EDA_DESIGN_INSTANCE_NAME             ; NA                              ; --            ; --          ; tb_MAC_FP_16      ;
; EDA_DESIGN_INSTANCE_NAME             ; NA                              ; --            ; --          ; tb_pe_fp16        ;
; EDA_DESIGN_INSTANCE_NAME             ; NA                              ; --            ; --          ; tb_data_skew      ;
; EDA_DESIGN_INSTANCE_NAME             ; NA                              ; --            ; --          ; tb_systolic_array ;
; EDA_DESIGN_INSTANCE_NAME             ; NA                              ; --            ; --          ; tb_tpu_top        ;
; EDA_NATIVELINK_SIMULATION_TEST_BENCH ; tb_tpu_top                      ; --            ; --          ; eda_simulation    ;
; EDA_OUTPUT_DATA_FORMAT               ; Verilog Hdl                     ; --            ; --          ; eda_simulation    ;
; EDA_SIMULATION_TOOL                  ; ModelSim-Altera (Verilog)       ; <None>        ; --          ; --                ;
; EDA_TEST_BENCH_ENABLE_STATUS         ; TEST_BENCH_MODE                 ; --            ; --          ; eda_simulation    ;
; EDA_TEST_BENCH_FILE                  ; tb_FP_Add_16.v                  ; --            ; --          ; tb_FP_Add_16      ;
; EDA_TEST_BENCH_FILE                  ; tb_FP_Mul_16.v                  ; --            ; --          ; tb_FP_Mul_16      ;
; EDA_TEST_BENCH_FILE                  ; tb_MAC_FP_16.v                  ; --            ; --          ; tb_MAC_FP_16      ;
; EDA_TEST_BENCH_FILE                  ; tb_pe_fp16.v                    ; --            ; --          ; tb_pe_fp16        ;
; EDA_TEST_BENCH_FILE                  ; tb_data_skew.v                  ; --            ; --          ; tb_data_skew      ;
; EDA_TEST_BENCH_FILE                  ; tb_systolic_array.v             ; --            ; --          ; tb_systolic_array ;
; EDA_TEST_BENCH_FILE                  ; tb_tpu_top.v                    ; --            ; --          ; tb_tpu_top        ;
; EDA_TEST_BENCH_MODULE_NAME           ; tb_FP_Add_16                    ; --            ; --          ; tb_FP_Add_16      ;
; EDA_TEST_BENCH_MODULE_NAME           ; tb_FP_Mul_16                    ; --            ; --          ; tb_FP_Mul_16      ;
; EDA_TEST_BENCH_MODULE_NAME           ; tb_MAC_FP_16                    ; --            ; --          ; tb_MAC_FP_16      ;
; EDA_TEST_BENCH_MODULE_NAME           ; tb_pe_fp16                      ; --            ; --          ; tb_pe_fp16        ;
; EDA_TEST_BENCH_MODULE_NAME           ; tb_data_skew                    ; --            ; --          ; tb_data_skew      ;
; EDA_TEST_BENCH_MODULE_NAME           ; tb_systolic_array               ; --            ; --          ; tb_systolic_array ;
; EDA_TEST_BENCH_MODULE_NAME           ; tb_tpu_top                      ; --            ; --          ; tb_tpu_top        ;
; EDA_TEST_BENCH_NAME                  ; tb_FP_Add_16                    ; --            ; --          ; eda_simulation    ;
; EDA_TEST_BENCH_NAME                  ; tb_FP_Mul_16                    ; --            ; --          ; eda_simulation    ;
; EDA_TEST_BENCH_NAME                  ; tb_MAC_FP_16                    ; --            ; --          ; eda_simulation    ;
; EDA_TEST_BENCH_NAME                  ; tb_pe_fp16                      ; --            ; --          ; eda_simulation    ;
; EDA_TEST_BENCH_NAME                  ; tb_data_skew                    ; --            ; --          ; eda_simulation    ;
; EDA_TEST_BENCH_NAME                  ; tb_systolic_array               ; --            ; --          ; eda_simulation    ;
; EDA_TEST_BENCH_NAME                  ; tb_tpu_top                      ; --            ; --          ; eda_simulation    ;
; EDA_TIME_SCALE                       ; 1 ps                            ; --            ; --          ; eda_simulation    ;
; PARTITION_COLOR                      ; 16764057                        ; --            ; TPU_Top     ; Top               ;
; PARTITION_FITTER_PRESERVATION_LEVEL  ; PLACEMENT_AND_ROUTING           ; --            ; TPU_Top     ; Top               ;
; PARTITION_NETLIST_TYPE               ; SOURCE                          ; --            ; TPU_Top     ; Top               ;
; PROJECT_OUTPUT_DIRECTORY             ; output_files                    ; --            ; --          ; --                ;
; TOP_LEVEL_ENTITY                     ; TPU_Top                         ; FPU           ; --          ; --                ;
+--------------------------------------+---------------------------------+---------------+-------------+-------------------+


+-------------------------------------------------------------------------------------------------------------------------------+
; Flow Elapsed Time                                                                                                             ;
+---------------------------+--------------+-------------------------+---------------------+------------------------------------+
; Module Name               ; Elapsed Time ; Average Processors Used ; Peak Virtual Memory ; Total CPU Time (on all processors) ;
+---------------------------+--------------+-------------------------+---------------------+------------------------------------+
; Analysis & Synthesis      ; 00:00:47     ; 1.0                     ; 4910 MB             ; 00:00:47                           ;
; Fitter                    ; 00:01:20     ; 3.5                     ; 6173 MB             ; 00:03:04                           ;
; Assembler                 ; 00:00:05     ; 1.0                     ; 4705 MB             ; 00:00:05                           ;
; TimeQuest Timing Analyzer ; 00:00:11     ; 1.5                     ; 5003 MB             ; 00:00:15                           ;
; EDA Netlist Writer        ; 00:00:18     ; 1.0                     ; 4817 MB             ; 00:00:18                           ;
; Total                     ; 00:02:41     ; --                      ; --                  ; 00:04:29                           ;
+---------------------------+--------------+-------------------------+---------------------+------------------------------------+


+----------------------------------------------------------------------------------------+
; Flow OS Summary                                                                        ;
+---------------------------+------------------+-----------+------------+----------------+
; Module Name               ; Machine Hostname ; OS Name   ; OS Version ; Processor type ;
+---------------------------+------------------+-----------+------------+----------------+
; Analysis & Synthesis      ; Admin-PC         ; Windows 7 ; 6.2        ; x86_64         ;
; Fitter                    ; Admin-PC         ; Windows 7 ; 6.2        ; x86_64         ;
; Assembler                 ; Admin-PC         ; Windows 7 ; 6.2        ; x86_64         ;
; TimeQuest Timing Analyzer ; Admin-PC         ; Windows 7 ; 6.2        ; x86_64         ;
; EDA Netlist Writer        ; Admin-PC         ; Windows 7 ; 6.2        ; x86_64         ;
+---------------------------+------------------+-----------+------------+----------------+


------------
; Flow Log ;
------------
quartus_map --read_settings_files=on --write_settings_files=off FPU -c FPU
quartus_fit --read_settings_files=off --write_settings_files=off FPU -c FPU
quartus_asm --read_settings_files=off --write_settings_files=off FPU -c FPU
quartus_sta FPU -c FPU
quartus_eda --read_settings_files=off --write_settings_files=off FPU -c FPU



