Analysis & Synthesis report for wallace_multiplier
Mon Nov 24 21:14:13 2025
Quartus II 64-Bit Version 13.0.1 Build 232 06/12/2013 Service Pack 1 SJ Web Edition


---------------------
; Table of Contents ;
---------------------
  1. Legal Notice
  2. Analysis & Synthesis Summary
  3. Analysis & Synthesis Settings
  4. Parallel Compilation
  5. Analysis & Synthesis Source Files Read
  6. Analysis & Synthesis Resource Usage Summary
  7. Analysis & Synthesis Resource Utilization by Entity
  8. Registers Removed During Synthesis
  9. General Register Statistics
 10. Parameter Settings for User Entity Instance: Top-level Entity: |wallace_multiplier
 11. Elapsed Time Per Partition
 12. Analysis & Synthesis Messages



----------------
; Legal Notice ;
----------------
Copyright (C) 1991-2013 Altera Corporation
Your use of Altera Corporation's design tools, logic functions 
and other software and tools, and its AMPP partner logic 
functions, and any output files from any of the foregoing 
(including device programming or simulation files), and any 
associated documentation or information are expressly subject 
to the terms and conditions of the Altera Program License 
Subscription Agreement, Altera MegaCore Function License 
Agreement, or other applicable license agreement, including, 
without limitation, that your use is for the sole purpose of 
programming logic devices manufactured by Altera and sold by 
Altera or its authorized distributors.  Please refer to the 
applicable agreement for further details.



+--------------------------------------------------------------------------------------+
; Analysis & Synthesis Summary                                                         ;
+------------------------------------+-------------------------------------------------+
; Analysis & Synthesis Status        ; Successful - Mon Nov 24 21:14:13 2025           ;
; Quartus II 64-Bit Version          ; 13.0.1 Build 232 06/12/2013 SP 1 SJ Web Edition ;
; Revision Name                      ; wallace_multiplier                              ;
; Top-level Entity Name              ; wallace_multiplier                              ;
; Family                             ; Cyclone II                                      ;
; Total logic elements               ; 2,137                                           ;
;     Total combinational functions  ; 2,098                                           ;
;     Dedicated logic registers      ; 419                                             ;
; Total registers                    ; 419                                             ;
; Total pins                         ; 132                                             ;
; Total virtual pins                 ; 0                                               ;
; Total memory bits                  ; 0                                               ;
; Embedded Multiplier 9-bit elements ; 0                                               ;
; Total PLLs                         ; 0                                               ;
+------------------------------------+-------------------------------------------------+


+----------------------------------------------------------------------------------------------------------------------+
; Analysis & Synthesis Settings                                                                                        ;
+----------------------------------------------------------------------------+--------------------+--------------------+
; Option                                                                     ; Setting            ; Default Value      ;
+----------------------------------------------------------------------------+--------------------+--------------------+
; Device                                                                     ; EP2C35F672C6       ;                    ;
; Top-level entity name                                                      ; wallace_multiplier ; wallace_multiplier ;
; Family name                                                                ; Cyclone II         ; Cyclone IV GX      ;
; Use smart compilation                                                      ; Off                ; Off                ;
; Enable parallel Assembler and TimeQuest Timing Analyzer during compilation ; On                 ; On                 ;
; Enable compact report table                                                ; Off                ; Off                ;
; Restructure Multiplexers                                                   ; Auto               ; Auto               ;
; Create Debugging Nodes for IP Cores                                        ; Off                ; Off                ;
; Preserve fewer node names                                                  ; On                 ; On                 ;
; Disable OpenCore Plus hardware evaluation                                  ; Off                ; Off                ;
; Verilog Version                                                            ; Verilog_2001       ; Verilog_2001       ;
; VHDL Version                                                               ; VHDL_1993          ; VHDL_1993          ;
; State Machine Processing                                                   ; Auto               ; Auto               ;
; Safe State Machine                                                         ; Off                ; Off                ;
; Extract Verilog State Machines                                             ; On                 ; On                 ;
; Extract VHDL State Machines                                                ; On                 ; On                 ;
; Ignore Verilog initial constructs                                          ; Off                ; Off                ;
; Iteration limit for constant Verilog loops                                 ; 5000               ; 5000               ;
; Iteration limit for non-constant Verilog loops                             ; 250                ; 250                ;
; Add Pass-Through Logic to Inferred RAMs                                    ; On                 ; On                 ;
; Infer RAMs from Raw Logic                                                  ; On                 ; On                 ;
; Parallel Synthesis                                                         ; On                 ; On                 ;
; DSP Block Balancing                                                        ; Auto               ; Auto               ;
; NOT Gate Push-Back                                                         ; On                 ; On                 ;
; Power-Up Don't Care                                                        ; On                 ; On                 ;
; Remove Redundant Logic Cells                                               ; Off                ; Off                ;
; Remove Duplicate Registers                                                 ; On                 ; On                 ;
; Ignore CARRY Buffers                                                       ; Off                ; Off                ;
; Ignore CASCADE Buffers                                                     ; Off                ; Off                ;
; Ignore GLOBAL Buffers                                                      ; Off                ; Off                ;
; Ignore ROW GLOBAL Buffers                                                  ; Off                ; Off                ;
; Ignore LCELL Buffers                                                       ; Off                ; Off                ;
; Ignore SOFT Buffers                                                        ; On                 ; On                 ;
; Limit AHDL Integers to 32 Bits                                             ; Off                ; Off                ;
; Optimization Technique                                                     ; Balanced           ; Balanced           ;
; Carry Chain Length                                                         ; 70                 ; 70                 ;
; Auto Carry Chains                                                          ; On                 ; On                 ;
; Auto Open-Drain Pins                                                       ; On                 ; On                 ;
; Perform WYSIWYG Primitive Resynthesis                                      ; Off                ; Off                ;
; Auto ROM Replacement                                                       ; On                 ; On                 ;
; Auto RAM Replacement                                                       ; On                 ; On                 ;
; Auto Shift Register Replacement                                            ; Auto               ; Auto               ;
; Allow Shift Register Merging across Hierarchies                            ; Auto               ; Auto               ;
; Auto Clock Enable Replacement                                              ; On                 ; On                 ;
; Strict RAM Replacement                                                     ; Off                ; Off                ;
; Allow Synchronous Control Signals                                          ; On                 ; On                 ;
; Force Use of Synchronous Clear Signals                                     ; Off                ; Off                ;
; Auto RAM to Logic Cell Conversion                                          ; Off                ; Off                ;
; Auto Resource Sharing                                                      ; Off                ; Off                ;
; Allow Any RAM Size For Recognition                                         ; Off                ; Off                ;
; Allow Any ROM Size For Recognition                                         ; Off                ; Off                ;
; Allow Any Shift Register Size For Recognition                              ; Off                ; Off                ;
; Use LogicLock Constraints during Resource Balancing                        ; On                 ; On                 ;
; Ignore translate_off and synthesis_off directives                          ; Off                ; Off                ;
; Timing-Driven Synthesis                                                    ; Off                ; Off                ;
; Report Parameter Settings                                                  ; On                 ; On                 ;
; Report Source Assignments                                                  ; On                 ; On                 ;
; Report Connectivity Checks                                                 ; On                 ; On                 ;
; Ignore Maximum Fan-Out Assignments                                         ; Off                ; Off                ;
; Synchronization Register Chain Length                                      ; 2                  ; 2                  ;
; PowerPlay Power Optimization                                               ; Normal compilation ; Normal compilation ;
; HDL message level                                                          ; Level2             ; Level2             ;
; Suppress Register Optimization Related Messages                            ; Off                ; Off                ;
; Number of Removed Registers Reported in Synthesis Report                   ; 5000               ; 5000               ;
; Number of Swept Nodes Reported in Synthesis Report                         ; 5000               ; 5000               ;
; Number of Inverted Registers Reported in Synthesis Report                  ; 100                ; 100                ;
; Clock MUX Protection                                                       ; On                 ; On                 ;
; Auto Gated Clock Conversion                                                ; Off                ; Off                ;
; Block Design Naming                                                        ; Auto               ; Auto               ;
; SDC constraint protection                                                  ; Off                ; Off                ;
; Synthesis Effort                                                           ; Auto               ; Auto               ;
; Shift Register Replacement - Allow Asynchronous Clear Signal               ; On                 ; On                 ;
; Pre-Mapping Resynthesis Optimization                                       ; Off                ; Off                ;
; Analysis & Synthesis Message Level                                         ; Medium             ; Medium             ;
; Disable Register Merging Across Hierarchies                                ; Auto               ; Auto               ;
; Resource Aware Inference For Block RAM                                     ; On                 ; On                 ;
; Synthesis Seed                                                             ; 1                  ; 1                  ;
+----------------------------------------------------------------------------+--------------------+--------------------+


+------------------------------------------+
; Parallel Compilation                     ;
+----------------------------+-------------+
; Processors                 ; Number      ;
+----------------------------+-------------+
; Number detected on machine ; 12          ;
; Maximum allowed            ; 12          ;
;                            ;             ;
; Average used               ; 1.00        ;
; Maximum used               ; 1           ;
;                            ;             ;
; Usage by Processor         ; % Time Used ;
;     Processor 1            ; 100.0%      ;
;     Processors 2-12        ;   0.0%      ;
+----------------------------+-------------+


+---------------------------------------------------------------------------------------------------------------------------------------------------+
; Analysis & Synthesis Source Files Read                                                                                                            ;
+----------------------------------+-----------------+------------------------+-----------------------------------------------------------+---------+
; File Name with User-Entered Path ; Used in Netlist ; File Type              ; File Name with Absolute Path                              ; Library ;
+----------------------------------+-----------------+------------------------+-----------------------------------------------------------+---------+
; wallace_multiplier.v             ; yes             ; User Verilog HDL File  ; C:/altera/13.0sp1/wallace_multiplier/wallace_multiplier.v ;         ;
+----------------------------------+-----------------+------------------------+-----------------------------------------------------------+---------+


+-----------------------------------------------------+
; Analysis & Synthesis Resource Usage Summary         ;
+---------------------------------------------+-------+
; Resource                                    ; Usage ;
+---------------------------------------------+-------+
; Estimated Total logic elements              ; 2,137 ;
;                                             ;       ;
; Total combinational functions               ; 2098  ;
; Logic element usage by number of LUT inputs ;       ;
;     -- 4 input functions                    ; 0     ;
;     -- 3 input functions                    ; 998   ;
;     -- <=2 input functions                  ; 1100  ;
;                                             ;       ;
; Logic elements by mode                      ;       ;
;     -- normal mode                          ; 1048  ;
;     -- arithmetic mode                      ; 1050  ;
;                                             ;       ;
; Total registers                             ; 419   ;
;     -- Dedicated logic registers            ; 419   ;
;     -- I/O registers                        ; 0     ;
;                                             ;       ;
; I/O pins                                    ; 132   ;
; Embedded Multiplier 9-bit elements          ; 0     ;
; Maximum fan-out node                        ; clk   ;
; Maximum fan-out                             ; 419   ;
; Total fan-out                               ; 6518  ;
; Average fan-out                             ; 2.46  ;
+---------------------------------------------+-------+


+-----------------------------------------------------------------------------------------------------------------------------------------------------------------------------+
; Analysis & Synthesis Resource Utilization by Entity                                                                                                                         ;
+----------------------------+-------------------+--------------+-------------+--------------+---------+-----------+------+--------------+---------------------+--------------+
; Compilation Hierarchy Node ; LC Combinationals ; LC Registers ; Memory Bits ; DSP Elements ; DSP 9x9 ; DSP 18x18 ; Pins ; Virtual Pins ; Full Hierarchy Name ; Library Name ;
+----------------------------+-------------------+--------------+-------------+--------------+---------+-----------+------+--------------+---------------------+--------------+
; |wallace_multiplier        ; 2098 (2098)       ; 419 (419)    ; 0           ; 0            ; 0       ; 0         ; 132  ; 0            ; |wallace_multiplier ; work         ;
+----------------------------+-------------------+--------------+-------------+--------------+---------+-----------+------+--------------+---------------------+--------------+
Note: For table entries with two numbers listed, the numbers in parentheses indicate the number of resources of the given type used by the specific entity alone. The numbers listed outside of parentheses indicate the total resources of the given type used by the specific entity and all of its sub-entities in the hierarchy.


+----------------------------------------------------------------------------------+
; Registers Removed During Synthesis                                               ;
+-----------------------------------------+----------------------------------------+
; Register name                           ; Reason for Removal                     ;
+-----------------------------------------+----------------------------------------+
; sum_stage1[7][27]                       ; Stuck at GND due to stuck port data_in ;
; sum_stage1[7][26]                       ; Stuck at GND due to stuck port data_in ;
; sum_stage1[7][25]                       ; Stuck at GND due to stuck port data_in ;
; sum_stage1[7][24]                       ; Stuck at GND due to stuck port data_in ;
; sum_stage1[7][23]                       ; Stuck at GND due to stuck port data_in ;
; sum_stage1[7][22]                       ; Stuck at GND due to stuck port data_in ;
; sum_stage1[7][21]                       ; Stuck at GND due to stuck port data_in ;
; sum_stage1[7][20]                       ; Stuck at GND due to stuck port data_in ;
; sum_stage1[7][19]                       ; Stuck at GND due to stuck port data_in ;
; sum_stage1[7][18]                       ; Stuck at GND due to stuck port data_in ;
; sum_stage1[7][17]                       ; Stuck at GND due to stuck port data_in ;
; sum_stage1[7][16]                       ; Stuck at GND due to stuck port data_in ;
; sum_stage1[7][15]                       ; Stuck at GND due to stuck port data_in ;
; sum_stage1[7][14]                       ; Stuck at GND due to stuck port data_in ;
; sum_stage1[7][13]                       ; Stuck at GND due to stuck port data_in ;
; sum_stage1[7][12]                       ; Stuck at GND due to stuck port data_in ;
; sum_stage1[7][11]                       ; Stuck at GND due to stuck port data_in ;
; sum_stage1[7][10]                       ; Stuck at GND due to stuck port data_in ;
; sum_stage1[7][9]                        ; Stuck at GND due to stuck port data_in ;
; sum_stage1[7][8]                        ; Stuck at GND due to stuck port data_in ;
; sum_stage1[7][7]                        ; Stuck at GND due to stuck port data_in ;
; sum_stage1[7][6]                        ; Stuck at GND due to stuck port data_in ;
; sum_stage1[7][5]                        ; Stuck at GND due to stuck port data_in ;
; sum_stage1[7][4]                        ; Stuck at GND due to stuck port data_in ;
; sum_stage1[7][3]                        ; Stuck at GND due to stuck port data_in ;
; sum_stage1[7][2]                        ; Stuck at GND due to stuck port data_in ;
; sum_stage1[7][1]                        ; Stuck at GND due to stuck port data_in ;
; sum_stage1[7][0]                        ; Stuck at GND due to stuck port data_in ;
; sum_stage1[6][23]                       ; Stuck at GND due to stuck port data_in ;
; sum_stage1[6][22]                       ; Stuck at GND due to stuck port data_in ;
; sum_stage1[6][21]                       ; Stuck at GND due to stuck port data_in ;
; sum_stage1[6][20]                       ; Stuck at GND due to stuck port data_in ;
; sum_stage1[6][19]                       ; Stuck at GND due to stuck port data_in ;
; sum_stage1[6][18]                       ; Stuck at GND due to stuck port data_in ;
; sum_stage1[6][17]                       ; Stuck at GND due to stuck port data_in ;
; sum_stage1[6][16]                       ; Stuck at GND due to stuck port data_in ;
; sum_stage1[6][15]                       ; Stuck at GND due to stuck port data_in ;
; sum_stage1[6][14]                       ; Stuck at GND due to stuck port data_in ;
; sum_stage1[6][13]                       ; Stuck at GND due to stuck port data_in ;
; sum_stage1[6][12]                       ; Stuck at GND due to stuck port data_in ;
; sum_stage1[6][11]                       ; Stuck at GND due to stuck port data_in ;
; sum_stage1[6][10]                       ; Stuck at GND due to stuck port data_in ;
; sum_stage1[6][9]                        ; Stuck at GND due to stuck port data_in ;
; sum_stage1[6][8]                        ; Stuck at GND due to stuck port data_in ;
; sum_stage1[6][7]                        ; Stuck at GND due to stuck port data_in ;
; sum_stage1[6][6]                        ; Stuck at GND due to stuck port data_in ;
; sum_stage1[6][5]                        ; Stuck at GND due to stuck port data_in ;
; sum_stage1[6][4]                        ; Stuck at GND due to stuck port data_in ;
; sum_stage1[6][3]                        ; Stuck at GND due to stuck port data_in ;
; sum_stage1[6][2]                        ; Stuck at GND due to stuck port data_in ;
; sum_stage1[6][1]                        ; Stuck at GND due to stuck port data_in ;
; sum_stage1[6][0]                        ; Stuck at GND due to stuck port data_in ;
; sum_stage1[5][19]                       ; Stuck at GND due to stuck port data_in ;
; sum_stage1[5][18]                       ; Stuck at GND due to stuck port data_in ;
; sum_stage1[5][17]                       ; Stuck at GND due to stuck port data_in ;
; sum_stage1[5][16]                       ; Stuck at GND due to stuck port data_in ;
; sum_stage1[5][15]                       ; Stuck at GND due to stuck port data_in ;
; sum_stage1[5][14]                       ; Stuck at GND due to stuck port data_in ;
; sum_stage1[5][13]                       ; Stuck at GND due to stuck port data_in ;
; sum_stage1[5][12]                       ; Stuck at GND due to stuck port data_in ;
; sum_stage1[5][11]                       ; Stuck at GND due to stuck port data_in ;
; sum_stage1[5][10]                       ; Stuck at GND due to stuck port data_in ;
; sum_stage1[5][9]                        ; Stuck at GND due to stuck port data_in ;
; sum_stage1[5][8]                        ; Stuck at GND due to stuck port data_in ;
; sum_stage1[5][7]                        ; Stuck at GND due to stuck port data_in ;
; sum_stage1[5][6]                        ; Stuck at GND due to stuck port data_in ;
; sum_stage1[5][5]                        ; Stuck at GND due to stuck port data_in ;
; sum_stage1[5][4]                        ; Stuck at GND due to stuck port data_in ;
; sum_stage1[5][3]                        ; Stuck at GND due to stuck port data_in ;
; sum_stage1[5][2]                        ; Stuck at GND due to stuck port data_in ;
; sum_stage1[5][1]                        ; Stuck at GND due to stuck port data_in ;
; sum_stage1[5][0]                        ; Stuck at GND due to stuck port data_in ;
; sum_stage1[4][15]                       ; Stuck at GND due to stuck port data_in ;
; sum_stage1[4][14]                       ; Stuck at GND due to stuck port data_in ;
; sum_stage1[4][13]                       ; Stuck at GND due to stuck port data_in ;
; sum_stage1[4][12]                       ; Stuck at GND due to stuck port data_in ;
; sum_stage1[4][11]                       ; Stuck at GND due to stuck port data_in ;
; sum_stage1[4][10]                       ; Stuck at GND due to stuck port data_in ;
; sum_stage1[4][9]                        ; Stuck at GND due to stuck port data_in ;
; sum_stage1[4][8]                        ; Stuck at GND due to stuck port data_in ;
; sum_stage1[4][7]                        ; Stuck at GND due to stuck port data_in ;
; sum_stage1[4][6]                        ; Stuck at GND due to stuck port data_in ;
; sum_stage1[4][5]                        ; Stuck at GND due to stuck port data_in ;
; sum_stage1[4][4]                        ; Stuck at GND due to stuck port data_in ;
; sum_stage1[4][3]                        ; Stuck at GND due to stuck port data_in ;
; sum_stage1[4][2]                        ; Stuck at GND due to stuck port data_in ;
; sum_stage1[4][1]                        ; Stuck at GND due to stuck port data_in ;
; sum_stage1[4][0]                        ; Stuck at GND due to stuck port data_in ;
; sum_stage1[3][11]                       ; Stuck at GND due to stuck port data_in ;
; sum_stage1[3][10]                       ; Stuck at GND due to stuck port data_in ;
; sum_stage1[3][9]                        ; Stuck at GND due to stuck port data_in ;
; sum_stage1[3][8]                        ; Stuck at GND due to stuck port data_in ;
; sum_stage1[3][7]                        ; Stuck at GND due to stuck port data_in ;
; sum_stage1[3][6]                        ; Stuck at GND due to stuck port data_in ;
; sum_stage1[3][5]                        ; Stuck at GND due to stuck port data_in ;
; sum_stage1[3][4]                        ; Stuck at GND due to stuck port data_in ;
; sum_stage1[3][3]                        ; Stuck at GND due to stuck port data_in ;
; sum_stage1[3][2]                        ; Stuck at GND due to stuck port data_in ;
; sum_stage1[3][1]                        ; Stuck at GND due to stuck port data_in ;
; sum_stage1[3][0]                        ; Stuck at GND due to stuck port data_in ;
; sum_stage1[2][7]                        ; Stuck at GND due to stuck port data_in ;
; sum_stage1[2][6]                        ; Stuck at GND due to stuck port data_in ;
; sum_stage1[2][5]                        ; Stuck at GND due to stuck port data_in ;
; sum_stage1[2][4]                        ; Stuck at GND due to stuck port data_in ;
; sum_stage1[2][3]                        ; Stuck at GND due to stuck port data_in ;
; sum_stage1[2][2]                        ; Stuck at GND due to stuck port data_in ;
; sum_stage1[2][1]                        ; Stuck at GND due to stuck port data_in ;
; sum_stage1[2][0]                        ; Stuck at GND due to stuck port data_in ;
; sum_stage1[1][3]                        ; Stuck at GND due to stuck port data_in ;
; sum_stage1[1][2]                        ; Stuck at GND due to stuck port data_in ;
; sum_stage1[1][1]                        ; Stuck at GND due to stuck port data_in ;
; sum_stage1[1][0]                        ; Stuck at GND due to stuck port data_in ;
; sum_stage1[6][60]                       ; Merged with sum_stage1[6][63]          ;
; sum_stage1[6][61]                       ; Merged with sum_stage1[6][63]          ;
; sum_stage1[6][62]                       ; Merged with sum_stage1[6][63]          ;
; sum_stage1[5][56]                       ; Merged with sum_stage1[5][63]          ;
; sum_stage1[5][57]                       ; Merged with sum_stage1[5][63]          ;
; sum_stage1[5][58]                       ; Merged with sum_stage1[5][63]          ;
; sum_stage1[5][59]                       ; Merged with sum_stage1[5][63]          ;
; sum_stage1[5][60]                       ; Merged with sum_stage1[5][63]          ;
; sum_stage1[5][61]                       ; Merged with sum_stage1[5][63]          ;
; sum_stage1[5][62]                       ; Merged with sum_stage1[5][63]          ;
; sum_stage1[4][52]                       ; Merged with sum_stage1[4][63]          ;
; sum_stage1[4][53]                       ; Merged with sum_stage1[4][63]          ;
; sum_stage1[4][54]                       ; Merged with sum_stage1[4][63]          ;
; sum_stage1[4][55]                       ; Merged with sum_stage1[4][63]          ;
; sum_stage1[4][56]                       ; Merged with sum_stage1[4][63]          ;
; sum_stage1[4][57]                       ; Merged with sum_stage1[4][63]          ;
; sum_stage1[4][58]                       ; Merged with sum_stage1[4][63]          ;
; sum_stage1[4][59]                       ; Merged with sum_stage1[4][63]          ;
; sum_stage1[4][60]                       ; Merged with sum_stage1[4][63]          ;
; sum_stage1[4][61]                       ; Merged with sum_stage1[4][63]          ;
; sum_stage1[4][62]                       ; Merged with sum_stage1[4][63]          ;
; sum_stage1[3][48]                       ; Merged with sum_stage1[3][63]          ;
; sum_stage1[3][49]                       ; Merged with sum_stage1[3][63]          ;
; sum_stage1[3][50]                       ; Merged with sum_stage1[3][63]          ;
; sum_stage1[3][51]                       ; Merged with sum_stage1[3][63]          ;
; sum_stage1[3][52]                       ; Merged with sum_stage1[3][63]          ;
; sum_stage1[3][53]                       ; Merged with sum_stage1[3][63]          ;
; sum_stage1[3][54]                       ; Merged with sum_stage1[3][63]          ;
; sum_stage1[3][55]                       ; Merged with sum_stage1[3][63]          ;
; sum_stage1[3][56]                       ; Merged with sum_stage1[3][63]          ;
; sum_stage1[3][57]                       ; Merged with sum_stage1[3][63]          ;
; sum_stage1[3][58]                       ; Merged with sum_stage1[3][63]          ;
; sum_stage1[3][59]                       ; Merged with sum_stage1[3][63]          ;
; sum_stage1[3][60]                       ; Merged with sum_stage1[3][63]          ;
; sum_stage1[3][61]                       ; Merged with sum_stage1[3][63]          ;
; sum_stage1[3][62]                       ; Merged with sum_stage1[3][63]          ;
; sum_stage1[2][44]                       ; Merged with sum_stage1[2][63]          ;
; sum_stage1[2][45]                       ; Merged with sum_stage1[2][63]          ;
; sum_stage1[2][46]                       ; Merged with sum_stage1[2][63]          ;
; sum_stage1[2][47]                       ; Merged with sum_stage1[2][63]          ;
; sum_stage1[2][48]                       ; Merged with sum_stage1[2][63]          ;
; sum_stage1[2][49]                       ; Merged with sum_stage1[2][63]          ;
; sum_stage1[2][50]                       ; Merged with sum_stage1[2][63]          ;
; sum_stage1[2][51]                       ; Merged with sum_stage1[2][63]          ;
; sum_stage1[2][52]                       ; Merged with sum_stage1[2][63]          ;
; sum_stage1[2][53]                       ; Merged with sum_stage1[2][63]          ;
; sum_stage1[2][54]                       ; Merged with sum_stage1[2][63]          ;
; sum_stage1[2][55]                       ; Merged with sum_stage1[2][63]          ;
; sum_stage1[2][56]                       ; Merged with sum_stage1[2][63]          ;
; sum_stage1[2][57]                       ; Merged with sum_stage1[2][63]          ;
; sum_stage1[2][58]                       ; Merged with sum_stage1[2][63]          ;
; sum_stage1[2][59]                       ; Merged with sum_stage1[2][63]          ;
; sum_stage1[2][60]                       ; Merged with sum_stage1[2][63]          ;
; sum_stage1[2][61]                       ; Merged with sum_stage1[2][63]          ;
; sum_stage1[2][62]                       ; Merged with sum_stage1[2][63]          ;
; sum_stage1[1][40]                       ; Merged with sum_stage1[1][63]          ;
; sum_stage1[1][41]                       ; Merged with sum_stage1[1][63]          ;
; sum_stage1[1][42]                       ; Merged with sum_stage1[1][63]          ;
; sum_stage1[1][43]                       ; Merged with sum_stage1[1][63]          ;
; sum_stage1[1][44]                       ; Merged with sum_stage1[1][63]          ;
; sum_stage1[1][45]                       ; Merged with sum_stage1[1][63]          ;
; sum_stage1[1][46]                       ; Merged with sum_stage1[1][63]          ;
; sum_stage1[1][47]                       ; Merged with sum_stage1[1][63]          ;
; sum_stage1[1][48]                       ; Merged with sum_stage1[1][63]          ;
; sum_stage1[1][49]                       ; Merged with sum_stage1[1][63]          ;
; sum_stage1[1][50]                       ; Merged with sum_stage1[1][63]          ;
; sum_stage1[1][51]                       ; Merged with sum_stage1[1][63]          ;
; sum_stage1[1][52]                       ; Merged with sum_stage1[1][63]          ;
; sum_stage1[1][53]                       ; Merged with sum_stage1[1][63]          ;
; sum_stage1[1][54]                       ; Merged with sum_stage1[1][63]          ;
; sum_stage1[1][55]                       ; Merged with sum_stage1[1][63]          ;
; sum_stage1[1][56]                       ; Merged with sum_stage1[1][63]          ;
; sum_stage1[1][57]                       ; Merged with sum_stage1[1][63]          ;
; sum_stage1[1][58]                       ; Merged with sum_stage1[1][63]          ;
; sum_stage1[1][59]                       ; Merged with sum_stage1[1][63]          ;
; sum_stage1[1][60]                       ; Merged with sum_stage1[1][63]          ;
; sum_stage1[1][61]                       ; Merged with sum_stage1[1][63]          ;
; sum_stage1[1][62]                       ; Merged with sum_stage1[1][63]          ;
; sum_stage1[0][36]                       ; Merged with sum_stage1[0][63]          ;
; sum_stage1[0][37]                       ; Merged with sum_stage1[0][63]          ;
; sum_stage1[0][38]                       ; Merged with sum_stage1[0][63]          ;
; sum_stage1[0][39]                       ; Merged with sum_stage1[0][63]          ;
; sum_stage1[0][40]                       ; Merged with sum_stage1[0][63]          ;
; sum_stage1[0][41]                       ; Merged with sum_stage1[0][63]          ;
; sum_stage1[0][42]                       ; Merged with sum_stage1[0][63]          ;
; sum_stage1[0][43]                       ; Merged with sum_stage1[0][63]          ;
; sum_stage1[0][44]                       ; Merged with sum_stage1[0][63]          ;
; sum_stage1[0][45]                       ; Merged with sum_stage1[0][63]          ;
; sum_stage1[0][46]                       ; Merged with sum_stage1[0][63]          ;
; sum_stage1[0][47]                       ; Merged with sum_stage1[0][63]          ;
; sum_stage1[0][48]                       ; Merged with sum_stage1[0][63]          ;
; sum_stage1[0][49]                       ; Merged with sum_stage1[0][63]          ;
; sum_stage1[0][50]                       ; Merged with sum_stage1[0][63]          ;
; sum_stage1[0][51]                       ; Merged with sum_stage1[0][63]          ;
; sum_stage1[0][52]                       ; Merged with sum_stage1[0][63]          ;
; sum_stage1[0][53]                       ; Merged with sum_stage1[0][63]          ;
; sum_stage1[0][54]                       ; Merged with sum_stage1[0][63]          ;
; sum_stage1[0][55]                       ; Merged with sum_stage1[0][63]          ;
; sum_stage1[0][56]                       ; Merged with sum_stage1[0][63]          ;
; sum_stage1[0][57]                       ; Merged with sum_stage1[0][63]          ;
; sum_stage1[0][58]                       ; Merged with sum_stage1[0][63]          ;
; sum_stage1[0][59]                       ; Merged with sum_stage1[0][63]          ;
; sum_stage1[0][60]                       ; Merged with sum_stage1[0][63]          ;
; sum_stage1[0][61]                       ; Merged with sum_stage1[0][63]          ;
; sum_stage1[0][62]                       ; Merged with sum_stage1[0][63]          ;
; sum_stage1[6][63]                       ; Stuck at GND due to stuck port data_in ;
; sum_stage1[5][63]                       ; Stuck at GND due to stuck port data_in ;
; sum_stage1[4][63]                       ; Stuck at GND due to stuck port data_in ;
; sum_stage1[3][63]                       ; Stuck at GND due to stuck port data_in ;
; sum_stage1[2][63]                       ; Stuck at GND due to stuck port data_in ;
; sum_stage1[1][63]                       ; Stuck at GND due to stuck port data_in ;
; sum_stage1[0][63]                       ; Stuck at GND due to stuck port data_in ;
; Total Number of Removed Registers = 224 ;                                        ;
+-----------------------------------------+----------------------------------------+


+------------------------------------------------------+
; General Register Statistics                          ;
+----------------------------------------------+-------+
; Statistic                                    ; Value ;
+----------------------------------------------+-------+
; Total registers                              ; 419   ;
; Number of registers using Synchronous Clear  ; 0     ;
; Number of registers using Synchronous Load   ; 0     ;
; Number of registers using Asynchronous Clear ; 419   ;
; Number of registers using Asynchronous Load  ; 0     ;
; Number of registers using Clock Enable       ; 64    ;
; Number of registers using Preset             ; 0     ;
+----------------------------------------------+-------+


+------------------------------------------------------------------------------------+
; Parameter Settings for User Entity Instance: Top-level Entity: |wallace_multiplier ;
+----------------+-------+-----------------------------------------------------------+
; Parameter Name ; Value ; Type                                                      ;
+----------------+-------+-----------------------------------------------------------+
; WIDTH          ; 32    ; Signed Integer                                            ;
+----------------+-------+-----------------------------------------------------------+
Note: In order to hide this table in the UI and the text report file, please set the "Show Parameter Settings in Synthesis Report" option in "Analysis and Synthesis Settings -> More Settings" to "Off".


+-------------------------------+
; Elapsed Time Per Partition    ;
+----------------+--------------+
; Partition Name ; Elapsed Time ;
+----------------+--------------+
; Top            ; 00:00:00     ;
+----------------+--------------+


+-------------------------------+
; Analysis & Synthesis Messages ;
+-------------------------------+
Info: *******************************************************************
Info: Running Quartus II 64-Bit Analysis & Synthesis
    Info: Version 13.0.1 Build 232 06/12/2013 Service Pack 1 SJ Web Edition
    Info: Processing started: Mon Nov 24 21:14:10 2025
Info: Command: quartus_map --read_settings_files=on --write_settings_files=off wallace_multiplier -c wallace_multiplier
Info (20030): Parallel compilation is enabled and will use 12 of the 12 processors detected
Info (12021): Found 1 design units, including 1 entities, in source file wallace_multiplier.v
    Info (12023): Found entity 1: wallace_multiplier
Info (12021): Found 1 design units, including 1 entities, in source file testbench.v
    Info (12023): Found entity 1: testbench
Info (12127): Elaborating entity "wallace_multiplier" for the top level hierarchy
Info (16010): Generating hard_block partition "hard_block:auto_generated_inst"
    Info (16011): Adding 0 node(s), including 0 DDIO, 0 PLL, 0 transceiver and 0 LCELL
Info (21057): Implemented 2269 device resources after synthesis - the final resource count might be different
    Info (21058): Implemented 67 input pins
    Info (21059): Implemented 65 output pins
    Info (21061): Implemented 2137 logic cells
Info: Quartus II 64-Bit Analysis & Synthesis was successful. 0 errors, 0 warnings
    Info: Peak virtual memory: 4621 megabytes
    Info: Processing ended: Mon Nov 24 21:14:13 2025
    Info: Elapsed time: 00:00:03
    Info: Total CPU time (on all processors): 00:00:02


